<?xml version="1.0" encoding="UTF-8"?>
<!-- Generated by org.testng.reporters.JUnitReportReporter -->
<testsuite hostname="Bicky" failures="0" tests="2" name="com.actitme.testcases.TC_ActitimeLoginLogout" time="15.773" errors="0" timestamp="2023-08-06T20:15:14 IST" skipped="0">
  <testcase classname="com.actitme.testcases.TC_ActitimeLoginLogout" name="loginlogout" time="9.745"/>
  <system-out/>
  <testcase classname="com.actitme.testcases.TC_ActitimeLoginLogout" name="titlevalidation" time="6.028"/>
  <system-out/>
</testsuite> <!-- com.actitme.testcases.TC_ActitimeLoginLogout -->
